<?xml version="1.0" encoding="UTF-8"?>
<!-- Generated by org.testng.reporters.JUnitXMLReporter -->
<testsuite ignored="0" hostname="LAPTOP-BHS1TP54" failures="3" tests="8" name="Default test" time="213.337" errors="0" timestamp="2025-09-11T22:26:17 IST">
  <testcase classname="io.cucumber.testng.AbstractTestNGCucumberTests" name="runScenario" time="3.224"/>
  <testcase classname="io.cucumber.testng.AbstractTestNGCucumberTests" name="runScenario" time="80.781"/>
  <testcase classname="io.cucumber.testng.AbstractTestNGCucumberTests" name="runScenario" time="26.201"/>
  <testcase classname="io.cucumber.testng.AbstractTestNGCucumberTests" name="runScenario" time="7.859"/>
  <testcase classname="io.cucumber.testng.AbstractTestNGCucumberTests" name="runScenario" time="24.265">
    <failure type="java.lang.AssertionError" message="Failed to click Select your city expected [true] but found [false]">
      <![CDATA[java.lang.AssertionError: Failed to click Select your city expected [true] but found [false]
at org.testng.Assert.fail(Assert.java:111)
at org.testng.Assert.failNotEquals(Assert.java:1590)
at org.testng.Assert.assertTrue(Assert.java:57)
at com.stepDefinition.HomeInteriorsSteps.the_user_click_on_select_your_city(HomeInteriorsSteps.java:44)
at ✽.the user click on select your city(file:///C:/Users/MEISHREE%20GOPI/OneDrive/Desktop/CapGeminiTesting/magicbricks_test/src/test/resources/Features/5_HomeInteriors.feature:8)
]]>
    </failure>
  </testcase> <!-- runScenario -->
  <testcase classname="io.cucumber.testng.AbstractTestNGCucumberTests" name="runScenario" time="30.052">
    <failure type="java.lang.AssertionError" message="Failed at login -&amp;gt; clickInnerLoginBtn() expected [true] but found [false]">
      <![CDATA[java.lang.AssertionError: Failed at login -> clickInnerLoginBtn() expected [true] but found [false]
at org.testng.Assert.fail(Assert.java:111)
at org.testng.Assert.failNotEquals(Assert.java:1590)
at org.testng.Assert.assertTrue(Assert.java:57)
at com.stepDefinition.Invalid.i_click_the_inner_login_button(Invalid.java:54)
at ✽.I click the inner login button(file:///C:/Users/MEISHREE%20GOPI/OneDrive/Desktop/CapGeminiTesting/magicbricks_test/src/test/resources/Features/InvalidLogin.feature:6)
]]>
    </failure>
  </testcase> <!-- runScenario -->
  <testcase classname="io.cucumber.testng.AbstractTestNGCucumberTests" name="runScenario" time="17.474"/>
  <testcase classname="io.cucumber.testng.AbstractTestNGCucumberTests" name="runScenario" time="14.952">
    <failure type="io.cucumber.testng.UndefinedStepException" message="The step &amp;apos;I should see an error message for mandatory fields&amp;apos; is undefined.
You can implement this step using the snippet(s) below:

@Then(&amp;quot;I should see an error message for mandatory fields&amp;quot;)
public void i_should_see_an_error_message_for_mandatory_fields() {
    // Write code here that turns the phrase above into concrete actions
    throw new io.cucumber.java.PendingException();
}
">
      <![CDATA[io.cucumber.testng.UndefinedStepException: The step 'I should see an error message for mandatory fields' is undefined.
You can implement this step using the snippet(s) below:

@Then("I should see an error message for mandatory fields")
public void i_should_see_an_error_message_for_mandatory_fields() {
    // Write code here that turns the phrase above into concrete actions
    throw new io.cucumber.java.PendingException();
}

at ✽.I should see an error message for mandatory fields(file:///C:/Users/MEISHREE%20GOPI/OneDrive/Desktop/CapGeminiTesting/magicbricks_test/src/test/resources/Features/InvalidLogin.feature:32)
]]>
    </failure>
  </testcase> <!-- runScenario -->
</testsuite> <!-- Default test -->
