<?xml version="1.0" encoding="UTF-8"?>
<!-- Generated by org.testng.reporters.JUnitReportReporter -->
<testsuite hostname="LAPTOP-BHS1TP54" failures="2" tests="8" name="com.runner.TestRunnerTestNG" time="204.808" errors="1" timestamp="2025-09-11T22:26:17 IST" skipped="0">
  <testcase classname="com.runner.TestRunnerTestNG" name="runScenario" time="3.224"/>
  <testcase classname="com.runner.TestRunnerTestNG" name="runScenario" time="14.952">
    <error message="The step &#039;I should see an error message for mandatory fields&#039; is undefined.
You can implement this step using the snippet(s) below:

@Then(&quot;I should see an error message for mandatory fields&quot;)
public void i_should_see_an_error_message_for_mandatory_fields() {
    // Write code here that turns the phrase above into concrete actions
    throw new io.cucumber.java.PendingException();
}
" type="io.cucumber.testng.UndefinedStepException">
      <![CDATA[io.cucumber.testng.UndefinedStepException: The step 'I should see an error message for mandatory fields' is undefined.
You can implement this step using the snippet(s) below:

@Then("I should see an error message for mandatory fields")
public void i_should_see_an_error_message_for_mandatory_fields() {
    // Write code here that turns the phrase above into concrete actions
    throw new io.cucumber.java.PendingException();
}

at ✽.I should see an error message for mandatory fields(file:///C:/Users/MEISHREE%20GOPI/OneDrive/Desktop/CapGeminiTesting/magicbricks_test/src/test/resources/Features/InvalidLogin.feature:32)
]]>
    </error>
  </testcase> <!-- runScenario -->
  <testcase classname="com.runner.TestRunnerTestNG" name="runScenario" time="80.781"/>
  <testcase classname="com.runner.TestRunnerTestNG" name="runScenario" time="26.201"/>
  <testcase classname="com.runner.TestRunnerTestNG" name="runScenario" time="7.859"/>
  <testcase classname="com.runner.TestRunnerTestNG" name="runScenario" time="24.265">
    <failure message="Failed to click Select your city expected [true] but found [false]" type="java.lang.AssertionError">
      <![CDATA[java.lang.AssertionError: Failed to click Select your city expected [true] but found [false]
at org.testng.Assert.fail(Assert.java:111)
at org.testng.Assert.failNotEquals(Assert.java:1590)
at org.testng.Assert.assertTrue(Assert.java:57)
at com.stepDefinition.HomeInteriorsSteps.the_user_click_on_select_your_city(HomeInteriorsSteps.java:44)
at ✽.the user click on select your city(file:///C:/Users/MEISHREE%20GOPI/OneDrive/Desktop/CapGeminiTesting/magicbricks_test/src/test/resources/Features/5_HomeInteriors.feature:8)
]]>
    </failure>
  </testcase> <!-- runScenario -->
  <testcase classname="com.runner.TestRunnerTestNG" name="runScenario" time="30.052">
    <failure message="Failed at login -&gt; clickInnerLoginBtn() expected [true] but found [false]" type="java.lang.AssertionError">
      <![CDATA[java.lang.AssertionError: Failed at login -> clickInnerLoginBtn() expected [true] but found [false]
at org.testng.Assert.fail(Assert.java:111)
at org.testng.Assert.failNotEquals(Assert.java:1590)
at org.testng.Assert.assertTrue(Assert.java:57)
at com.stepDefinition.Invalid.i_click_the_inner_login_button(Invalid.java:54)
at ✽.I click the inner login button(file:///C:/Users/MEISHREE%20GOPI/OneDrive/Desktop/CapGeminiTesting/magicbricks_test/src/test/resources/Features/InvalidLogin.feature:6)
]]>
    </failure>
  </testcase> <!-- runScenario -->
  <testcase classname="com.runner.TestRunnerTestNG" name="runScenario" time="17.474"/>
</testsuite> <!-- com.runner.TestRunnerTestNG -->
